Performing C SOURCE FILE Test CMAKE_HAVE_LIBC_PTHREAD failed with the following output:
Change Dir: /home/contour/ws_catkin_elephant/build/CMakeFiles/CMakeTmp

Run Build Command(s):/usr/bin/make -f Makefile cmTC_7ccdb/fast && /usr/bin/make  -f CMakeFiles/cmTC_7ccdb.dir/build.make CMakeFiles/cmTC_7ccdb.dir/build
make[1]: Entering directory '/home/contour/ws_catkin_elephant/build/CMakeFiles/CMakeTmp'
Building C object CMakeFiles/cmTC_7ccdb.dir/src.c.o
/usr/lib/ccache/cc -DCMAKE_HAVE_LIBC_PTHREAD   -o CMakeFiles/cmTC_7ccdb.dir/src.c.o -c /home/contour/ws_catkin_elephant/build/CMakeFiles/CMakeTmp/src.c
Linking C executable cmTC_7ccdb
/usr/bin/cmake -E cmake_link_script CMakeFiles/cmTC_7ccdb.dir/link.txt --verbose=1
/usr/lib/ccache/cc -rdynamic CMakeFiles/cmTC_7ccdb.dir/src.c.o -o cmTC_7ccdb 
CMakeFiles/cmTC_7ccdb.dir/src.c.o: In function `main':
src.c:(.text+0x3e): undefined reference to `pthread_create'
src.c:(.text+0x4a): undefined reference to `pthread_detach'
src.c:(.text+0x56): undefined reference to `pthread_cancel'
src.c:(.text+0x67): undefined reference to `pthread_join'
src.c:(.text+0x7b): undefined reference to `pthread_atfork'
collect2: error: ld returned 1 exit status
CMakeFiles/cmTC_7ccdb.dir/build.make:98: recipe for target 'cmTC_7ccdb' failed
make[1]: *** [cmTC_7ccdb] Error 1
make[1]: Leaving directory '/home/contour/ws_catkin_elephant/build/CMakeFiles/CMakeTmp'
Makefile:127: recipe for target 'cmTC_7ccdb/fast' failed
make: *** [cmTC_7ccdb/fast] Error 2


Source file was:
#include <pthread.h>

static void* test_func(void* data)
{
  return data;
}

int main(void)
{
  pthread_t thread;
  pthread_create(&thread, NULL, test_func, NULL);
  pthread_detach(thread);
  pthread_cancel(thread);
  pthread_join(thread, NULL);
  pthread_atfork(NULL, NULL, NULL);
  pthread_exit(NULL);

  return 0;
}

Determining if the function sgemm_ exists failed with the following output:
Change Dir: /home/contour/ws_catkin_elephant/build/CMakeFiles/CMakeTmp

Run Build Command(s):/usr/bin/make -f Makefile cmTC_59ef5/fast && make[1]: Entering directory '/home/contour/ws_catkin_elephant/build/CMakeFiles/CMakeTmp'
/usr/bin/make  -f CMakeFiles/cmTC_59ef5.dir/build.make CMakeFiles/cmTC_59ef5.dir/build
make[2]: Entering directory '/home/contour/ws_catkin_elephant/build/CMakeFiles/CMakeTmp'
Building C object CMakeFiles/cmTC_59ef5.dir/CheckFunctionExists.c.o
/usr/lib/ccache/cc   -DCHECK_FUNCTION_EXISTS=sgemm_ -o CMakeFiles/cmTC_59ef5.dir/CheckFunctionExists.c.o -c /usr/share/cmake-3.22/Modules/CheckFunctionExists.c
Linking C executable cmTC_59ef5
/usr/bin/cmake -E cmake_link_script CMakeFiles/cmTC_59ef5.dir/link.txt --verbose=1
/usr/lib/ccache/cc  -DCHECK_FUNCTION_EXISTS=sgemm_ -rdynamic CMakeFiles/cmTC_59ef5.dir/CheckFunctionExists.c.o -o cmTC_59ef5 
CMakeFiles/cmTC_59ef5.dir/CheckFunctionExists.c.o: In function `main':
CheckFunctionExists.c:(.text+0x10): undefined reference to `sgemm_'
collect2: error: ld returned 1 exit status
CMakeFiles/cmTC_59ef5.dir/build.make:98: recipe for target 'cmTC_59ef5' failed
make[2]: *** [cmTC_59ef5] Error 1
make[2]: Leaving directory '/home/contour/ws_catkin_elephant/build/CMakeFiles/CMakeTmp'
Makefile:127: recipe for target 'cmTC_59ef5/fast' failed
make[1]: *** [cmTC_59ef5/fast] Error 2
make[1]: Leaving directory '/home/contour/ws_catkin_elephant/build/CMakeFiles/CMakeTmp'



Determining if the function cheev_ exists failed with the following output:
Change Dir: /home/contour/ws_catkin_elephant/build/CMakeFiles/CMakeTmp

Run Build Command(s):/usr/bin/make -f Makefile cmTC_9ccda/fast && make[1]: Entering directory '/home/contour/ws_catkin_elephant/build/CMakeFiles/CMakeTmp'
/usr/bin/make  -f CMakeFiles/cmTC_9ccda.dir/build.make CMakeFiles/cmTC_9ccda.dir/build
make[2]: Entering directory '/home/contour/ws_catkin_elephant/build/CMakeFiles/CMakeTmp'
Building C object CMakeFiles/cmTC_9ccda.dir/CheckFunctionExists.c.o
/usr/lib/ccache/cc   -DCHECK_FUNCTION_EXISTS=cheev_ -o CMakeFiles/cmTC_9ccda.dir/CheckFunctionExists.c.o -c /usr/share/cmake-3.22/Modules/CheckFunctionExists.c
Linking C executable cmTC_9ccda
/usr/bin/cmake -E cmake_link_script CMakeFiles/cmTC_9ccda.dir/link.txt --verbose=1
/usr/lib/ccache/cc  -DCHECK_FUNCTION_EXISTS=cheev_ -rdynamic CMakeFiles/cmTC_9ccda.dir/CheckFunctionExists.c.o -o cmTC_9ccda  /usr/lib/x86_64-linux-gnu/libblas.so -pthread -lm -ldl 
CMakeFiles/cmTC_9ccda.dir/CheckFunctionExists.c.o: In function `main':
CheckFunctionExists.c:(.text+0x10): undefined reference to `cheev_'
collect2: error: ld returned 1 exit status
CMakeFiles/cmTC_9ccda.dir/build.make:99: recipe for target 'cmTC_9ccda' failed
make[2]: *** [cmTC_9ccda] Error 1
make[2]: Leaving directory '/home/contour/ws_catkin_elephant/build/CMakeFiles/CMakeTmp'
Makefile:127: recipe for target 'cmTC_9ccda/fast' failed
make[1]: *** [cmTC_9ccda/fast] Error 2
make[1]: Leaving directory '/home/contour/ws_catkin_elephant/build/CMakeFiles/CMakeTmp'



Determining if the function cheev_ exists failed with the following output:
Change Dir: /home/contour/ws_catkin_elephant/build/CMakeFiles/CMakeTmp

Run Build Command(s):/usr/bin/make -f Makefile cmTC_fa619/fast && make[1]: Entering directory '/home/contour/ws_catkin_elephant/build/CMakeFiles/CMakeTmp'
/usr/bin/make  -f CMakeFiles/cmTC_fa619.dir/build.make CMakeFiles/cmTC_fa619.dir/build
make[2]: Entering directory '/home/contour/ws_catkin_elephant/build/CMakeFiles/CMakeTmp'
Building C object CMakeFiles/cmTC_fa619.dir/CheckFunctionExists.c.o
/usr/lib/ccache/cc   -DCHECK_FUNCTION_EXISTS=cheev_ -o CMakeFiles/cmTC_fa619.dir/CheckFunctionExists.c.o -c /usr/share/cmake-3.22/Modules/CheckFunctionExists.c
Linking C executable cmTC_fa619
/usr/bin/cmake -E cmake_link_script CMakeFiles/cmTC_fa619.dir/link.txt --verbose=1
/usr/lib/ccache/cc  -DCHECK_FUNCTION_EXISTS=cheev_ -rdynamic CMakeFiles/cmTC_fa619.dir/CheckFunctionExists.c.o -o cmTC_fa619  /usr/lib/x86_64-linux-gnu/liblapack.so /usr/lib/x86_64-linux-gnu/libblas.so -fortranlibs 
cc: error: unrecognized command line option ‘-fortranlibs’; did you mean ‘-fltrans’?
CMakeFiles/cmTC_fa619.dir/build.make:100: recipe for target 'cmTC_fa619' failed
make[2]: *** [cmTC_fa619] Error 1
make[2]: Leaving directory '/home/contour/ws_catkin_elephant/build/CMakeFiles/CMakeTmp'
Makefile:127: recipe for target 'cmTC_fa619/fast' failed
make[1]: *** [cmTC_fa619/fast] Error 2
make[1]: Leaving directory '/home/contour/ws_catkin_elephant/build/CMakeFiles/CMakeTmp'



